{"/home/wncks125/공부파일/vue-testing-tdd/src/components/Dom_접근.vue": {"path":"/home/wncks125/공부파일/vue-testing-tdd/src/components/Dom_접근.vue","statementMap":{"0":{"start":{"line":8,"column":0},"end":{"line":8,"column":null}},"1":{"start":{"line":10,"column":15},"end":{"line":10,"column":31}},"2":{"start":{"line":12,"column":23},"end":{"line":12,"column":null}},"3":{"start":{"line":13,"column":4},"end":{"line":13,"column":11}}},"fnMap":{"0":{"name":"(anonymous_0)","decl":{"start":{"line":11,"column":7},"end":{"line":11,"column":null}},"loc":{"start":{"line":11,"column":7},"end":{"line":16,"column":null}}},"1":{"name":"(anonymous_1)","decl":{"start":{"line":12,"column":23},"end":{"line":12,"column":31}},"loc":{"start":{"line":12,"column":23},"end":{"line":12,"column":null}}}},"branchMap":{},"s":{"0":1,"1":1,"2":2,"3":2},"f":{"0":2,"1":3},"b":{}}
,"/home/wncks125/공부파일/vue-testing-tdd/src/components/HelloWorld.vue": {"path":"/home/wncks125/공부파일/vue-testing-tdd/src/components/HelloWorld.vue","statementMap":{"0":{"start":{"line":138,"column":0},"end":{"line":138,"column":null}},"1":{"start":{"line":145,"column":0},"end":{"line":145,"column":21}},"2":{"start":{"line":145,"column":40},"end":{"line":145,"column":null}},"3":{"start":{"line":145,"column":21},"end":{"line":145,"column":31}},"4":{"start":{"line":147,"column":0},"end":{"line":147,"column":1}}},"fnMap":{"0":{"name":"(anonymous_0)","decl":{"start":{"line":145,"column":0},"end":{"line":145,"column":21}},"loc":{"start":{"line":145,"column":0},"end":{"line":147,"column":null}}}},"branchMap":{},"s":{"0":0,"1":0,"2":0,"3":0,"4":0},"f":{"0":0},"b":{}}
,"/home/wncks125/공부파일/vue-testing-tdd/src/components/axios.vue": {"path":"/home/wncks125/공부파일/vue-testing-tdd/src/components/axios.vue","statementMap":{"0":{"start":{"line":6,"column":0},"end":{"line":6,"column":null}},"1":{"start":{"line":7,"column":0},"end":{"line":7,"column":null}},"2":{"start":{"line":9,"column":15},"end":{"line":9,"column":31}},"3":{"start":{"line":10,"column":2},"end":{"line":10,"column":7}},"4":{"start":{"line":11,"column":17},"end":{"line":11,"column":null}},"5":{"start":{"line":13,"column":4},"end":{"line":13,"column":14}},"6":{"start":{"line":13,"column":14},"end":{"line":13,"column":null}},"7":{"start":{"line":14,"column":6},"end":{"line":14,"column":11}},"8":{"start":{"line":14,"column":26},"end":{"line":14,"column":32}},"9":{"start":{"line":14,"column":19},"end":{"line":14,"column":25}},"10":{"start":{"line":17,"column":4},"end":{"line":17,"column":11}}},"fnMap":{"0":{"name":"(anonymous_0)","decl":{"start":{"line":10,"column":7},"end":{"line":10,"column":null}},"loc":{"start":{"line":10,"column":7},"end":{"line":18,"column":null}}},"1":{"name":"(anonymous_1)","decl":{"start":{"line":13,"column":14},"end":{"line":13,"column":null}},"loc":{"start":{"line":13,"column":14},"end":{"line":15,"column":null}}}},"branchMap":{},"s":{"0":1,"1":1,"2":1,"3":1,"4":1,"5":1,"6":1,"7":2,"8":1,"9":1,"10":1},"f":{"0":1,"1":2},"b":{}}
,"/home/wncks125/공부파일/vue-testing-tdd/src/components/데이터_접근.vue": {"path":"/home/wncks125/공부파일/vue-testing-tdd/src/components/데이터_접근.vue","statementMap":{"0":{"start":{"line":6,"column":0},"end":{"line":6,"column":null}},"1":{"start":{"line":8,"column":15},"end":{"line":8,"column":31}},"2":{"start":{"line":13,"column":18},"end":{"line":13,"column":null}},"3":{"start":{"line":14,"column":16},"end":{"line":14,"column":25}},"4":{"start":{"line":19,"column":4},"end":{"line":19,"column":13}}},"fnMap":{"0":{"name":"(anonymous_0)","decl":{"start":{"line":12,"column":7},"end":{"line":12,"column":null}},"loc":{"start":{"line":12,"column":7},"end":{"line":20,"column":null}}}},"branchMap":{},"s":{"0":1,"1":1,"2":2,"3":2,"4":2},"f":{"0":2},"b":{}}
,"/home/wncks125/공부파일/vue-testing-tdd/src/components/클릭시값증가.vue": {"path":"/home/wncks125/공부파일/vue-testing-tdd/src/components/클릭시값증가.vue","statementMap":{"0":{"start":{"line":7,"column":0},"end":{"line":7,"column":null}},"1":{"start":{"line":9,"column":15},"end":{"line":9,"column":31}},"2":{"start":{"line":11,"column":18},"end":{"line":11,"column":22}},"3":{"start":{"line":13,"column":16},"end":{"line":15,"column":null}},"4":{"start":{"line":14,"column":6},"end":{"line":14,"column":11}},"5":{"start":{"line":17,"column":4},"end":{"line":17,"column":11}}},"fnMap":{"0":{"name":"(anonymous_0)","decl":{"start":{"line":10,"column":7},"end":{"line":10,"column":null}},"loc":{"start":{"line":10,"column":7},"end":{"line":18,"column":null}}},"1":{"name":"(anonymous_1)","decl":{"start":{"line":13,"column":16},"end":{"line":13,"column":null}},"loc":{"start":{"line":13,"column":16},"end":{"line":15,"column":null}}}},"branchMap":{},"s":{"0":1,"1":1,"2":1,"3":1,"4":1,"5":1},"f":{"0":1,"1":1},"b":{}}
}
