TN:
SF:/home/wncks125/공부파일/vue-testing-tdd/src/components/Dom_접근.vue
FN:11,(anonymous_0)
FN:12,(anonymous_1)
FNF:2
FNH:2
FNDA:2,(anonymous_0)
FNDA:3,(anonymous_1)
DA:8,1
DA:10,1
DA:12,2
DA:13,2
LF:4
LH:4
BRF:0
BRH:0
end_of_record
TN:
SF:/home/wncks125/공부파일/vue-testing-tdd/src/components/HelloWorld.vue
FN:145,(anonymous_0)
FNF:1
FNH:0
FNDA:0,(anonymous_0)
DA:138,0
DA:145,0
DA:147,0
LF:3
LH:0
BRF:0
BRH:0
end_of_record
TN:
SF:/home/wncks125/공부파일/vue-testing-tdd/src/components/axios.vue
FN:10,(anonymous_0)
FN:13,(anonymous_1)
FNF:2
FNH:2
FNDA:1,(anonymous_0)
FNDA:2,(anonymous_1)
DA:6,1
DA:7,1
DA:9,1
DA:10,1
DA:11,1
DA:13,1
DA:14,2
DA:17,1
LF:8
LH:8
BRF:0
BRH:0
end_of_record
TN:
SF:/home/wncks125/공부파일/vue-testing-tdd/src/components/데이터_접근.vue
FN:12,(anonymous_0)
FNF:1
FNH:1
FNDA:2,(anonymous_0)
DA:6,1
DA:8,1
DA:13,2
DA:14,2
DA:19,2
LF:5
LH:5
BRF:0
BRH:0
end_of_record
TN:
SF:/home/wncks125/공부파일/vue-testing-tdd/src/components/클릭시값증가.vue
FN:10,(anonymous_0)
FN:13,(anonymous_1)
FNF:2
FNH:2
FNDA:1,(anonymous_0)
FNDA:1,(anonymous_1)
DA:7,1
DA:9,1
DA:11,1
DA:13,1
DA:14,1
DA:17,1
LF:6
LH:6
BRF:0
BRH:0
end_of_record
