TN:
SF:/home/wncks125/공부파일/vue-testing-tdd/src/components/Dom_접근.vue
FN:13,(anonymous_0)
FN:15,(anonymous_1)
FNF:2
FNH:2
FNDA:4,(anonymous_0)
FNDA:3,(anonymous_1)
DA:10,1
DA:12,1
DA:14,4
DA:15,4
DA:16,3
DA:18,4
LF:6
LH:6
BRF:0
BRH:0
end_of_record
TN:
SF:/home/wncks125/공부파일/vue-testing-tdd/src/components/HelloWorld.vue
FN:145,(anonymous_0)
FNF:1
FNH:1
FNDA:2,(anonymous_0)
DA:138,1
DA:145,2
DA:147,1
LF:3
LH:3
BRF:0
BRH:0
end_of_record
TN:
SF:/home/wncks125/공부파일/vue-testing-tdd/src/components/axios.vue
FN:10,(anonymous_0)
FN:13,(anonymous_1)
FNF:2
FNH:2
FNDA:1,(anonymous_0)
FNDA:2,(anonymous_1)
DA:6,1
DA:7,1
DA:9,1
DA:10,1
DA:11,1
DA:13,1
DA:14,2
DA:17,1
LF:8
LH:8
BRF:0
BRH:0
end_of_record
TN:
SF:/home/wncks125/공부파일/vue-testing-tdd/src/components/vuex.vue
FN:11,(anonymous_0)
FN:14,(anonymous_1)
FN:15,(anonymous_2)
FNF:3
FNH:3
FNDA:2,(anonymous_0)
FNDA:3,(anonymous_1)
FNDA:3,(anonymous_2)
DA:7,1
DA:8,1
DA:10,1
DA:12,2
DA:13,2
DA:14,3
DA:15,3
DA:17,2
LF:8
LH:8
BRF:0
BRH:0
end_of_record
TN:
SF:/home/wncks125/공부파일/vue-testing-tdd/src/components/vue라우터.vue
FN:10,(anonymous_0)
FN:14,(anonymous_1)
FNF:2
FNH:2
FNDA:1,(anonymous_0)
FNDA:1,(anonymous_1)
DA:6,1
DA:7,1
DA:9,1
DA:11,1
DA:12,1
DA:14,1
DA:15,1
DA:18,1
LF:8
LH:8
BRF:0
BRH:0
end_of_record
TN:
SF:/home/wncks125/공부파일/vue-testing-tdd/src/components/데이터_접근.vue
FN:12,(anonymous_0)
FNF:1
FNH:1
FNDA:2,(anonymous_0)
DA:6,1
DA:8,1
DA:13,2
DA:14,2
DA:19,2
LF:5
LH:5
BRF:0
BRH:0
end_of_record
TN:
SF:/home/wncks125/공부파일/vue-testing-tdd/src/components/클릭시값증가.vue
FN:10,(anonymous_0)
FN:13,(anonymous_1)
FNF:2
FNH:2
FNDA:1,(anonymous_0)
FNDA:1,(anonymous_1)
DA:7,1
DA:9,1
DA:11,1
DA:13,1
DA:14,1
DA:17,1
LF:6
LH:6
BRF:0
BRH:0
end_of_record
TN:
SF:/home/wncks125/공부파일/vue-testing-tdd/src/components/테스팅라이브러리/기본예제.vue
FN:12,(anonymous_0)
FN:16,(anonymous_1)
FNF:2
FNH:2
FNDA:1,(anonymous_0)
FNDA:1,(anonymous_1)
DA:9,1
DA:11,1
DA:13,1
DA:14,1
DA:16,1
DA:17,1
DA:19,1
LF:7
LH:7
BRF:0
BRH:0
end_of_record
